<?xml version="1.0" encoding="UTF-8"?>
<testng-results ignored="0" total="1" passed="1" failed="0" skipped="0">
  <reporter-output>
  </reporter-output>
  <suite started-at="2023-02-24T18:23:16 IST" name="Default suite" finished-at="2023-02-24T18:23:36 IST" duration-ms="19651">
    <groups>
    </groups>
    <test started-at="2023-02-24T18:23:16 IST" name="Default test" finished-at="2023-02-24T18:23:36 IST" duration-ms="19651">
      <class name="Module1_Home_TestClasses.Insurance_TestNG_TestClass">
        <test-method is-config="true" signature="OpenBrowser()[pri:0, instance:Module1_Home_TestClasses.Insurance_TestNG_TestClass@6356695f]" started-at="2023-02-24T18:23:17 IST" name="OpenBrowser" finished-at="2023-02-24T18:23:30 IST" duration-ms="13231" status="PASS">
          <reporter-output>
          </reporter-output>
        </test-method> <!-- OpenBrowser -->
        <test-method is-config="true" signature="loginToApp()[pri:0, instance:Module1_Home_TestClasses.Insurance_TestNG_TestClass@6356695f]" started-at="2023-02-24T18:23:30 IST" name="loginToApp" finished-at="2023-02-24T18:23:36 IST" duration-ms="6251" status="PASS">
          <reporter-output>
          </reporter-output>
        </test-method> <!-- loginToApp -->
        <test-method signature="VerifyEmailAddress()[pri:0, instance:Module1_Home_TestClasses.Insurance_TestNG_TestClass@6356695f]" started-at="2023-02-24T18:23:36 IST" name="VerifyEmailAddress" finished-at="2023-02-24T18:23:36 IST" duration-ms="56" status="PASS">
          <reporter-output>
          </reporter-output>
        </test-method> <!-- VerifyEmailAddress -->
        <test-method is-config="true" signature="LogoutFromApp()[pri:0, instance:Module1_Home_TestClasses.Insurance_TestNG_TestClass@6356695f]" started-at="2023-02-24T18:23:36 IST" name="LogoutFromApp" finished-at="2023-02-24T18:23:36 IST" duration-ms="0" status="PASS">
          <reporter-output>
          </reporter-output>
        </test-method> <!-- LogoutFromApp -->
        <test-method is-config="true" signature="CloseBrowser()[pri:0, instance:Module1_Home_TestClasses.Insurance_TestNG_TestClass@6356695f]" started-at="2023-02-24T18:23:36 IST" name="CloseBrowser" finished-at="2023-02-24T18:23:36 IST" duration-ms="0" status="PASS">
          <reporter-output>
          </reporter-output>
        </test-method> <!-- CloseBrowser -->
      </class> <!-- Module1_Home_TestClasses.Insurance_TestNG_TestClass -->
    </test> <!-- Default test -->
  </suite> <!-- Default suite -->
</testng-results>
